<?xml version="1.0" encoding="UTF-8"?>
<!--

  - author Henry Sampson (henry@dreamoval.com)
  - author Joseph Djomeda (joseph@dreamoval.com)


-->
<beans xmlns="http://www.springframework.org/schema/beans"
       xmlns:xsi="http://www.w3.org/2001/XMLSchema-instance"
       xmlns:aop="http://www.springframework.org/schema/aop"
       xmlns:context="http://www.springframework.org/schema/context"
       xmlns:flow="http://www.springframework.org/schema/webflow-config"
       xmlns:jms="http://www.springframework.org/schema/jms"
       xmlns:jee="http://www.springframework.org/schema/jee"
       xmlns:lang="http://www.springframework.org/schema/lang"
       xmlns:osgi="http://www.springframework.org/schema/osgi"
       xmlns:tx="http://www.springframework.org/schema/tx"
       xmlns:util="http://www.springframework.org/schema/util"
       xmlns:p="http://www.springframework.org/schema/p"
       xsi:schemaLocation="http://www.springframework.org/schema/beans http://www.springframework.org/schema/beans/spring-beans-2.5.xsd
       http://www.springframework.org/schema/aop http://www.springframework.org/schema/aop/spring-aop-2.5.xsd
       http://www.springframework.org/schema/context http://www.springframework.org/schema/context/spring-context-2.5.xsd
       http://www.springframework.org/schema/webflow-config http://www.springframework.org/schema/webflow-config/spring-webflow-config-1.0.xsd
       http://www.springframework.org/schema/jms http://www.springframework.org/schema/jms/spring-jms-2.5.xsd
       http://www.springframework.org/schema/jee http://www.springframework.org/schema/jee/spring-jee-2.5.xsd
       http://www.springframework.org/schema/lang http://www.springframework.org/schema/lang/spring-lang-2.5.xsd
       http://www.springframework.org/schema/osgi http://www.springframework.org/schema/osgi/spring-osgi.xsd
       http://www.springframework.org/schema/tx http://www.springframework.org/schema/tx/spring-tx-2.5.xsd
       http://www.springframework.org/schema/util http://www.springframework.org/schema/util/spring-util-2.5.xsd">

    <context:annotation-config />
    <tx:annotation-driven />

    <!--Spring specific-->
    <bean id="propertyConfigurer"
class="org.springframework.beans.factory.config.PropertyPlaceholderConfigurer">
        <property name="locations">
            <list>
                <value>classpath:hsql.hibernate.properties</value>
                <value>classpath:hsql.jdbc.properties</value>
            </list>
        </property>
    </bean>

    <!-- Model -->

    <bean id="sessionContainer" class="com.dreamoval.motech.core.dao.hibernate.HibernateUtils">
        <constructor-arg ref="sessionFactory" />
    </bean>

    <bean id="gatewayRequest" class="com.dreamoval.motech.core.model.GatewayRequestImpl" scope="prototype">
    </bean>

    <bean id="gatewayResponse" class="com.dreamoval.motech.core.model.GatewayResponseImpl" scope="prototype">
    </bean>

    <bean id="transition" class="com.dreamoval.motech.core.model.TransitionImpl" scope="prototype">
    </bean>
    <bean id="gatewayRequestDetails" class="com.dreamoval.motech.core.model.GatewayRequestDetailsImpl" scope="prototype">
    </bean>

    <bean id="messageRequest" class="com.dreamoval.motech.core.model.MessageRequestImpl" scope="prototype">
    </bean>

    <bean id="language" class="com.dreamoval.motech.core.model.LanguageImpl" scope="prototype">
    </bean>

    <bean id="messageTemplate" class="com.dreamoval.motech.core.model.MessageTemplateImpl" scope="prototype">
    </bean>
    <bean id="notificationType" class="com.dreamoval.motech.core.model.NotificationTypeImpl" scope="prototype">
    </bean>

     <bean id="incomingMessageSession" class="com.dreamoval.motech.core.model.IncomingMessageSessionImpl" scope="prototype">
    </bean>

     <bean id="incomingMessage" class="com.dreamoval.motech.model.imp.IncomingMessageImpl" scope="prototype">
    </bean>

     <bean id="incomingMessageResponse" class="com.dreamoval.motech.model.imp.IncomingMessageResponseImpl" scope="prototype">
    </bean>

     <bean id="incomingMessageFormDefinition" class="com.dreamoval.motech.model.imp.IncomingMessageFormDefinitionImpl" scope="prototype">
    </bean>

     <bean id="incomingMessageFormParameterDefinition" class="com.dreamoval.motech.model.imp.IncomingMessageFormParameterDefinitionImpl" scope="prototype">
    </bean>

     <bean id="incomingMessageForm" class="com.dreamoval.motech.model.imp.IncomingMessageFormImpl" scope="prototype">
    </bean>

     <bean id="incomingMessageFormParameter" class="com.dreamoval.motech.model.imp.IncomingMessageFormParameterImpl" scope="prototype">
    </bean>
    
    
    <!-- End of Model-->

    <!-- Data Access -->
    <bean id="dataSource" class="org.springframework.jdbc.datasource.DriverManagerDataSource">
        <property name="driverClassName" value="${jdbc.driverClassName}" />
        <property name="url" value="${jdbc.url}"/>
        <property name="username" value="${jdbc.username}"/>
        <property name="password" value="${jdbc.password}"/>
    </bean>

    <bean id="sessionFactory" class="org.springframework.orm.hibernate3.LocalSessionFactoryBean">
        <property name="dataSource" ref="dataSource" />
        <property name="hibernateProperties">
            <props>
                <prop key="hibernate.dialect">${hibernate.dialect}</prop>
                <prop key="hibernate.show_sql">${hibernate.show_sql}</prop>
                <prop key="hibernate.hbm2ddl.auto">${hibernate.hbm2ddl.auto}</prop>
            </props>
        </property>
        <property name="mappingResources">
            <list>
                <value>com/dreamoval/motech/core/model/MotechEntityImpl.hbm.xml</value>
                <value>com/dreamoval/motech/core/model/GatewayRequest.hbm.xml</value>
                <value>com/dreamoval/motech/core/model/GatewayResponse.hbm.xml</value>
                <value>com/dreamoval/motech/core/model/Transition.hbm.xml</value>
                <value>com/dreamoval/motech/core/model/GatewayRequestDetails.hbm.xml</value>
                <value>com/dreamoval/motech/core/model/MessageRequest.hbm.xml</value>
                <value>com/dreamoval/motech/core/model/Language.hbm.xml</value>
                <value>com/dreamoval/motech/core/model/MessageTemplate.hbm.xml</value>
                <value>com/dreamoval/motech/core/model/NotificationType.hbm.xml</value>
                <value>com/dreamoval/motech/core/model/IncomingMessageSession.hbm.xml</value>
               <!-- <value>com/dreamoval/motech/model/imp/IncomingMessage.hbm.xml</value>
                <value>com/dreamoval/motech/model/imp/IncomingMessageResponse.hbm.xml</value> -->
                <value>com/dreamoval/motech/model/imp/IncomingMessageFormDefinition.hbm.xml</value>
                <value>com/dreamoval/motech/model/imp/IncomingMessageFormParameterDefinition.hbm.xml</value>
              <!--  <value>com/dreamoval/motech/model/imp/IncomingMessageForm.hbm.xml</value>
                <value>com/dreamoval/motech/model/imp/IncomingMessageFormParameter.hbm.xml</value>-->
            </list>
        </property>
    </bean>

    <bean id="transactionManager" class="org.springframework.orm.hibernate3.HibernateTransactionManager">
        <property name="sessionFactory" ref="sessionFactory" />
    </bean>

    <bean id="dBSession" class="com.dreamoval.motech.core.dao.HibernateDBSessionImpl" scope="prototype">
    </bean>

    <bean id="gatewayRequestDAO" class="com.dreamoval.motech.core.dao.hibernate.GatewayRequestDAOImpl" scope="prototype">
    </bean>

    <bean id="gatewayResponseDAO" class="com.dreamoval.motech.core.dao.hibernate.GatewayResponseDAOImpl" scope="prototype">
    </bean>

    <bean id="transitionDAO" class="com.dreamoval.motech.core.dao.hibernate.TransitionDAOImpl" scope="prototype">
    </bean>

    <bean id="messageRequestDAO" class="com.dreamoval.motech.core.dao.hibernate.MessageRequestDAOImpl" scope="prototype">
    </bean>

    <bean id="languageDAO" class="com.dreamoval.motech.core.dao.hibernate.LanguageDAOImpl" scope="prototype">
    </bean>
    <bean id="messageTemplateDAO" class="com.dreamoval.motech.core.dao.hibernate.MessageTemplateDAOImpl" scope="prototype">
    </bean>

    <bean id="notificationTypeDAO" class="com.dreamoval.motech.core.dao.hibernate.NotificationTypeDAOImpl" scope="prototype">
    </bean>

    <bean id="gatewayRequestDetailsDAO" class="com.dreamoval.motech.core.dao.hibernate.GatewayRequestDetailsDAOImpl" scope="prototype">
    </bean>


    <bean id="incomingMessageSessionDAO" class="com.dreamoval.motech.model.dao.hibernate.imp.IncomingMessageSessionDAOImpl" scope="prototype">
    </bean>

    <bean id="incomingMessageDAO" class="com.dreamoval.motech.model.dao.hibernate.imp.IncomingMessageDAOImpl" scope="prototype">
    </bean>

    <bean id="incomingMessageResponseDAO" class="com.dreamoval.motech.model.dao.hibernate.imp.IncomingMessageResponseDAOImpl" scope="prototype">
    </bean>

    <bean id="incomingMessageFormDefinitionDAO" class="com.dreamoval.motech.model.dao.hibernate.imp.IncomingMessageFormDefinitionDAOImpl" scope="prototype">
    </bean>

    <bean id="incomingMessageFormParameterDefinitionDAO" class="com.dreamoval.motech.model.dao.hibernate.imp.IncomingMessageFormParameterDefinitionDAOImpl" scope="prototype">
    </bean>

    <bean id="incomingMessageFormDAO" class="com.dreamoval.motech.model.dao.hibernate.imp.IncomingMessageFormDAOImpl" scope="prototype">
    </bean>

     <bean id="incomingMessageFormParameterDAO" class="com.dreamoval.motech.model.dao.hibernate.imp.IncomingMessageFormParameterDAOImpl" scope="prototype">
    </bean>
    <!-- End of Data Access-->

    <!-- Services -->

    <bean id="motechContext" class="com.dreamoval.motech.core.service.MotechContextImpl" destroy-method="cleanUp" scope="prototype">
        <property name="DBSession" ref="dBSession"/>
    </bean>

    <!-- End of Services -->

    <!-- Managers -->

    <bean id="coreManager" class="com.dreamoval.motech.core.manager.CoreManagerImpl">
        <property name="sessionContainer" ref="sessionContainer"/>
    </bean>
    <!-- End of Managers -->
</beans>