<?xml version="1.0" encoding="UTF-8" ?>
<testsuite errors="0" failures="1" hostname="faze" name="com.dreamoval.motech.core.DataAccess.Util.SessionManager" tests="1" time="0.063" timestamp="2009-07-17T11:30:22">
  <properties>
    <property name="java.runtime.name" value="Java(TM) SE Runtime Environment" />
    <property name="sun.boot.library.path" value="C:\Program Files\Java\jdk1.6.0_13\jre\bin" />
    <property name="java.vm.version" value="11.3-b02" />
    <property name="java.vm.vendor" value="Sun Microsystems Inc." />
    <property name="java.vendor.url" value="http://java.sun.com/" />
    <property name="path.separator" value=";" />
    <property name="java.vm.name" value="Java HotSpot(TM) Client VM" />
    <property name="file.encoding.pkg" value="sun.io" />
    <property name="user.country" value="US" />
    <property name="sun.java.launcher" value="SUN_STANDARD" />
    <property name="sun.os.patch.level" value="Service Pack 3" />
    <property name="test" value="SessionManagerTest" />
    <property name="java.vm.specification.name" value="Java Virtual Machine Specification" />
    <property name="user.dir" value="D:\joseph\javaprojectsnbeans\motech\motech-mobile-core" />
    <property name="java.runtime.version" value="1.6.0_13-b03" />
    <property name="java.awt.graphicsenv" value="sun.awt.Win32GraphicsEnvironment" />
    <property name="basedir" value="D:\joseph\javaprojectsnbeans\motech\motech-mobile-core" />
    <property name="java.endorsed.dirs" value="C:\Program Files\Java\jdk1.6.0_13\jre\lib\endorsed" />
    <property name="os.arch" value="x86" />
    <property name="java.io.tmpdir" value="C:\DOCUME~1\Jojo\LOCALS~1\Temp\" />
    <property name="line.separator" value="
" />
    <property name="java.vm.specification.vendor" value="Sun Microsystems Inc." />
    <property name="user.variant" value="" />
    <property name="os.name" value="Windows XP" />
    <property name="sun.jnu.encoding" value="Cp1252" />
    <property name="java.library.path" value="C:\Program Files\Java\jdk1.6.0_13\bin;.;C:\WINDOWS\Sun\Java\bin;C:\WINDOWS\system32;C:\WINDOWS;C:\Program Files\PC Connectivity Solution\;C:\WINDOWS\system32;C:\WINDOWS;C:\WINDOWS\System32\Wbem;C:\Program Files\Microsoft SQL Server\90\DTS\Binn\;C:\Program Files\Microsoft SQL Server\80\Tools\Binn\;C:\Program Files\Microsoft SQL Server\90\Tools\binn\;C:\Program Files\Microsoft SQL Server\90\Tools\Binn\VSShell\Common7\IDE\;C:\Program Files\Microsoft Visual Studio 8\Common7\IDE\PrivateAssemblies\;C:\xampp\php;C:\xampp\mysql\bin;C:\Program Files\QuickTime\QTSystem\;C:\Sun\SDK\bin;C:\Program Files\Java\jdk1.6.0_13\bin;C:\sqlite;C:\svn-win32-1.5.5\bin;C:\maven22\bin" />
    <property name="java.specification.name" value="Java Platform API Specification" />
    <property name="java.class.version" value="50.0" />
    <property name="sun.management.compiler" value="HotSpot Client Compiler" />
    <property name="os.version" value="5.1" />
    <property name="user.home" value="C:\Documents and Settings\Jojo" />
    <property name="user.timezone" value="" />
    <property name="java.awt.printerjob" value="sun.awt.windows.WPrinterJob" />
    <property name="file.encoding" value="Cp1252" />
    <property name="java.specification.version" value="1.6" />
    <property name="user.name" value="Jojo" />
    <property name="java.class.path" value="C:\Program Files\NetBeans 6.7\java2\ant\patches\72080.jar;C:\Program Files\NetBeans 6.7\java2\ant\patches\ant-42275.jar;C:\Program Files\NetBeans 6.7\java2\ant\lib\ant.jar;C:\Program Files\NetBeans 6.7\java2\ant\lib\ant-junit.jar;D:\joseph\javaprojectsnbeans\motech\motech-mobile-core\target\classes;D:\joseph\javaprojectsnbeans\motech\motech-mobile-core\src\main\java;D:\joseph\javaprojectsnbeans\motech\motech-mobile-core\src\main\resources;D:\joseph\javaprojectsnbeans\motech\motech-mobile-core\target\test-classes;D:\joseph\javaprojectsnbeans\motech\motech-mobile-core\src\test\java;C:\Documents and Settings\Jojo\.m2\repository\junit\junit\3.8.1\junit-3.8.1.jar;C:\Documents and Settings\Jojo\.m2\repository\org\springframework\spring\2.5.6.SEC01\spring-2.5.6.SEC01.jar;C:\Documents and Settings\Jojo\.m2\repository\commons-logging\commons-logging\1.1.1\commons-logging-1.1.1.jar;C:\Documents and Settings\Jojo\.m2\repository\org\hibernate\hibernate\3.2.5.ga\hibernate-3.2.5.ga.jar;C:\Documents and Settings\Jojo\.m2\repository\net\sf\ehcache\ehcache\1.2.3\ehcache-1.2.3.jar;C:\Documents and Settings\Jojo\.m2\repository\commons-collections\commons-collections\2.1.1\commons-collections-2.1.1.jar;C:\Documents and Settings\Jojo\.m2\repository\javax\transaction\jta\1.0.1B\jta-1.0.1B.jar;C:\Documents and Settings\Jojo\.m2\repository\asm\asm-attrs\1.5.3\asm-attrs-1.5.3.jar;C:\Documents and Settings\Jojo\.m2\repository\dom4j\dom4j\1.6.1\dom4j-1.6.1.jar;C:\Documents and Settings\Jojo\.m2\repository\antlr\antlr\2.7.6\antlr-2.7.6.jar;C:\Documents and Settings\Jojo\.m2\repository\cglib\cglib\2.1_3\cglib-2.1_3.jar;C:\Documents and Settings\Jojo\.m2\repository\asm\asm\1.5.3\asm-1.5.3.jar;C:\Documents and Settings\Jojo\.m2\repository\org\hibernate\hibernate-annotations\3.3.1.GA\hibernate-annotations-3.3.1.GA.jar;C:\Documents and Settings\Jojo\.m2\repository\org\hibernate\hibernate-commons-annotations\3.0.0.ga\hibernate-commons-annotations-3.0.0.ga.jar;C:\Documents and Settings\Jojo\.m2\repository\org\hibernate\ejb3-persistence\1.0.1.GA\ejb3-persistence-1.0.1.GA.jar;C:\Documents and Settings\Jojo\.m2\repository\org\hibernate\hibernate-entitymanager\3.3.2.GA\hibernate-entitymanager-3.3.2.GA.jar;C:\Documents and Settings\Jojo\.m2\repository\javassist\javassist\3.4.GA\javassist-3.4.GA.jar;C:\Documents and Settings\Jojo\.m2\repository\javax\sql\jdbc-stdext\2.0\jdbc-stdext-2.0.jar;C:\Documents and Settings\Jojo\.m2\repository\unknown\binary\derbyclient\SNAPSHOT\derbyclient-SNAPSHOT.jar" />
    <property name="java.vm.specification.version" value="1.0" />
    <property name="sun.arch.data.model" value="32" />
    <property name="java.home" value="C:\Program Files\Java\jdk1.6.0_13\jre" />
    <property name="java.specification.vendor" value="Sun Microsystems Inc." />
    <property name="user.language" value="en" />
    <property name="awt.toolkit" value="sun.awt.windows.WToolkit" />
    <property name="java.vm.info" value="mixed mode" />
    <property name="java.version" value="1.6.0_13" />
    <property name="java.ext.dirs" value="C:\Program Files\Java\jdk1.6.0_13\jre\lib\ext;C:\WINDOWS\Sun\Java\lib\ext" />
    <property name="sun.boot.class.path" value="C:\Program Files\Java\jdk1.6.0_13\jre\lib\resources.jar;C:\Program Files\Java\jdk1.6.0_13\jre\lib\rt.jar;C:\Program Files\Java\jdk1.6.0_13\jre\lib\sunrsasign.jar;C:\Program Files\Java\jdk1.6.0_13\jre\lib\jsse.jar;C:\Program Files\Java\jdk1.6.0_13\jre\lib\jce.jar;C:\Program Files\Java\jdk1.6.0_13\jre\lib\charsets.jar;C:\Program Files\Java\jdk1.6.0_13\jre\classes" />
    <property name="java.vendor" value="Sun Microsystems Inc." />
    <property name="file.separator" value="\" />
    <property name="java.vendor.url.bug" value="http://java.sun.com/cgi-bin/bugreport.cgi" />
    <property name="forkMode" value="once" />
    <property name="sun.cpu.endian" value="little" />
    <property name="sun.io.unicode.encoding" value="UnicodeLittle" />
    <property name="sun.desktop" value="windows" />
    <property name="sun.cpu.isalist" value="pentium_pro+mmx pentium_pro pentium+mmx pentium i486 i386 i86" />
  </properties>
  <testcase classname="junit.framework.TestSuite$1" name="warning" time="0.0">
    <failure message="No tests found in com.dreamoval.motech.core.DataAccess.Util.SessionManager" type="junit.framework.AssertionFailedError">junit.framework.AssertionFailedError: No tests found in com.dreamoval.motech.core.DataAccess.Util.SessionManager
</failure>
  </testcase>
  <system-out><![CDATA[]]></system-out>
  <system-err><![CDATA[]]></system-err>
</testsuite>
